0 info it worked if it ends with ok
1 verbose cli [ '/Users/wanderbravo/.nvm/versions/node/v5.1.1/bin/node',
1 verbose cli   '/Users/wanderbravo/.nvm/versions/node/v5.1.1/bin/npm',
1 verbose cli   'run',
1 verbose cli   'start' ]
2 info using npm@3.3.12
3 info using node@v5.1.1
4 verbose run-script [ 'prestart', 'start', 'poststart' ]
5 info lifecycle todoApp@0.0.0~prestart: todoApp@0.0.0
6 silly lifecycle todoApp@0.0.0~prestart: no script for prestart, continuing
7 info lifecycle todoApp@0.0.0~start: todoApp@0.0.0
8 verbose lifecycle todoApp@0.0.0~start: unsafe-perm in lifecycle true
9 verbose lifecycle todoApp@0.0.0~start: PATH: /Users/wanderbravo/.nvm/versions/node/v5.1.1/lib/node_modules/npm/bin/node-gyp-bin:/Users/wanderbravo/Desktop/JS/todoApp/node_modules/.bin:/Library/Frameworks/Python.framework/Versions/3.5/bin:/Library/Frameworks/Python.framework/Versions/3.5/bin:/Users/wanderbravo/.nvm/versions/node/v5.1.1/bin:/Users/wanderbravo/.rvm/gems/ruby-2.2.2/bin:/Users/wanderbravo/.rvm/gems/ruby-2.2.2@global/bin:/Users/wanderbravo/.rvm/rubies/ruby-2.2.2/bin:/Users/wanderbravo/.local/bin:/Users/wanderbravo/.cabal/bin:/Applications/ghc-7.10.2.app/Contents/bin:/usr/bin:/usr/local/bin:/bin:/usr/sbin:/sbin:/usr/local/mongodb/bin:/Users/wanderbravo/.rvm/bin
10 verbose lifecycle todoApp@0.0.0~start: CWD: /Users/wanderbravo/Desktop/JS/todoApp
11 silly lifecycle todoApp@0.0.0~start: Args: [ '-c', 'node ./bin/www' ]
12 silly lifecycle todoApp@0.0.0~start: Returned: code: 1  signal: null
13 info lifecycle todoApp@0.0.0~start: Failed to exec start script
14 verbose stack Error: todoApp@0.0.0 start: `node ./bin/www`
14 verbose stack Exit status 1
14 verbose stack     at EventEmitter.<anonymous> (/Users/wanderbravo/.nvm/versions/node/v5.1.1/lib/node_modules/npm/lib/utils/lifecycle.js:232:16)
14 verbose stack     at emitTwo (events.js:87:13)
14 verbose stack     at EventEmitter.emit (events.js:172:7)
14 verbose stack     at ChildProcess.<anonymous> (/Users/wanderbravo/.nvm/versions/node/v5.1.1/lib/node_modules/npm/lib/utils/spawn.js:24:14)
14 verbose stack     at emitTwo (events.js:87:13)
14 verbose stack     at ChildProcess.emit (events.js:172:7)
14 verbose stack     at maybeClose (internal/child_process.js:818:16)
14 verbose stack     at Process.ChildProcess._handle.onexit (internal/child_process.js:211:5)
15 verbose pkgid todoApp@0.0.0
16 verbose cwd /Users/wanderbravo/Desktop/JS/todoApp
17 error Darwin 15.5.0
18 error argv "/Users/wanderbravo/.nvm/versions/node/v5.1.1/bin/node" "/Users/wanderbravo/.nvm/versions/node/v5.1.1/bin/npm" "run" "start"
19 error node v5.1.1
20 error npm  v3.3.12
21 error code ELIFECYCLE
22 error todoApp@0.0.0 start: `node ./bin/www`
22 error Exit status 1
23 error Failed at the todoApp@0.0.0 start script 'node ./bin/www'.
23 error Make sure you have the latest version of node.js and npm installed.
23 error If you do, this is most likely a problem with the todoApp package,
23 error not with npm itself.
23 error Tell the author that this fails on your system:
23 error     node ./bin/www
23 error You can get their info via:
23 error     npm owner ls todoApp
23 error There is likely additional logging output above.
24 verbose exit [ 1, true ]
